<?xml version="1.0" encoding="UTF-8"?>
<Site BuildName="Linux-c++"
	BuildStamp="20231025-1737-Experimental"
	Name="souad-gamal"
	Generator="ctest-3.22.1"
	CompilerName="/usr/bin/c++"
	CompilerVersion="11.4.0"
	OSName="Linux"
	Hostname="souad-gamal"
	OSRelease="6.2.0-35-generic"
	OSVersion="#35~22.04.1-Ubuntu SMP PREEMPT_DYNAMIC Fri Oct  6 10:23:26 UTC 2"
	OSPlatform="x86_64"
	Is64Bits="1"
	VendorString="GenuineIntel"
	VendorID="Intel Corporation"
	FamilyID="6"
	ModelID="42"
	ProcessorCacheSize="3072"
	NumberOfLogicalCPU="4"
	NumberOfPhysicalCPU="2"
	TotalVirtualMemory="3991"
	TotalPhysicalMemory="3816"
	LogicalProcessorsPerPhysical="2"
	ProcessorClockFrequency="798.363"
	>
	<Testing>
		<StartDateTime>Oct 25 20:37 EEST</StartDateTime>
		<StartTestTime>1698255472</StartTestTime>
		<TestList/>
		<EndDateTime>Oct 25 20:37 EEST</EndDateTime>
		<EndTestTime>1698255472</EndTestTime>
		<ElapsedMinutes>0</ElapsedMinutes>
	</Testing>
</Site>
